01/07/2018 06:55:56 PM - ChessFreeTests - INFO: test_1goto_ChessFree started
01/07/2018 06:55:57 PM - ChessAndroid - INFO: Element found - locator (uk.co.aifactory.chessfree:id/YesButton) + locatorType (id)
01/07/2018 06:55:57 PM - ChessAndroid - INFO: Element present - locator (uk.co.aifactory.chessfree:id/YesButton) + locatorType (id)
01/07/2018 06:55:57 PM - ChessAndroid - INFO: Element found - locator (uk.co.aifactory.chessfree:id/YesButton) + locatorType (id)
01/07/2018 06:56:00 PM - ChessAndroid - INFO: Clicked on element - locator (uk.co.aifactory.chessfree:id/YesButton) + locatorType (id)
01/07/2018 06:56:00 PM - ChessAndroid - INFO: Element found - locator (uk.co.aifactory.chessfree:id/ButtonPlay) + locatorType (id)
01/07/2018 06:56:00 PM - ChessAndroid - INFO: Element present - locator (uk.co.aifactory.chessfree:id/ButtonPlay) + locatorType (id)
01/07/2018 06:56:00 PM - ChessAndroid - INFO: Element found - locator (uk.co.aifactory.chessfree:id/ButtonPlay) + locatorType (id)
01/07/2018 06:56:00 PM - ChessAndroid - INFO: Clicked on element - locator (uk.co.aifactory.chessfree:id/ButtonPlay) + locatorType (id)
01/07/2018 06:56:02 PM - ChessAndroid - INFO: Element found - locator (uk.co.aifactory.chessfree:id/CrossProm_ExitButton) + locatorType (id)
01/07/2018 06:56:02 PM - ChessAndroid - INFO: Element present - locator (uk.co.aifactory.chessfree:id/CrossProm_ExitButton) + locatorType (id)
01/07/2018 06:56:02 PM - ChessAndroid - INFO: Element found - locator (uk.co.aifactory.chessfree:id/CrossProm_ExitButton) + locatorType (id)
01/07/2018 06:56:02 PM - ChessAndroid - INFO: Clicked on element - locator (uk.co.aifactory.chessfree:id/CrossProm_ExitButton) + locatorType (id)
01/07/2018 06:56:05 PM - ChessAndroid - INFO: Element found - locator (uk.co.aifactory.chessfree:id/EasyButton) + locatorType (id)
01/07/2018 06:56:05 PM - ChessAndroid - INFO: Element present - locator (uk.co.aifactory.chessfree:id/EasyButton) + locatorType (id)
01/07/2018 06:56:05 PM - TestStatus - INFO: ### VERIFICATION SUCCESSFUL -- Single Player button verified
01/07/2018 06:56:05 PM - ChessAndroid - INFO: Element found - locator (uk.co.aifactory.chessfree:id/MediumButton) + locatorType (id)
01/07/2018 06:56:05 PM - ChessAndroid - INFO: Element present - locator (uk.co.aifactory.chessfree:id/MediumButton) + locatorType (id)
01/07/2018 06:56:05 PM - TestStatus - INFO: ### VERIFICATION SUCCESSFUL -- Two Player button verified
01/07/2018 06:56:05 PM - ChessAndroid - INFO: Element found - locator (uk.co.aifactory.chessfree:id/LoadButton) + locatorType (id)
01/07/2018 06:56:05 PM - ChessAndroid - INFO: Element present - locator (uk.co.aifactory.chessfree:id/LoadButton) + locatorType (id)
01/07/2018 06:56:05 PM - TestStatus - INFO: ### VERIFICATION SUCCESSFUL -- Load Saved Game button verified
01/07/2018 06:56:05 PM - ChessAndroid - INFO: Element found - locator (uk.co.aifactory.chessfree:id/SettingsButton) + locatorType (id)
01/07/2018 06:56:05 PM - ChessAndroid - INFO: Element present - locator (uk.co.aifactory.chessfree:id/SettingsButton) + locatorType (id)
01/07/2018 06:56:05 PM - TestStatus - INFO: ### VERIFICATION SUCCESSFUL -- Options button verified
01/07/2018 06:56:05 PM - ChessAndroid - INFO: Element found - locator (uk.co.aifactory.chessfree:id/AchievementsButton) + locatorType (id)
01/07/2018 06:56:05 PM - ChessAndroid - INFO: Element present - locator (uk.co.aifactory.chessfree:id/AchievementsButton) + locatorType (id)
01/07/2018 06:56:05 PM - TestStatus - INFO: ### VERIFICATION SUCCESSFUL -- Achievements button verified
01/07/2018 06:56:05 PM - ChessAndroid - INFO: Element found - locator (uk.co.aifactory.chessfree:id/LeaderboardsButton) + locatorType (id)
01/07/2018 06:56:05 PM - ChessAndroid - INFO: Element present - locator (uk.co.aifactory.chessfree:id/LeaderboardsButton) + locatorType (id)
01/07/2018 06:56:05 PM - TestStatus - INFO: ### VERIFICATION SUCCESSFUL -- Leaderboards button verified
01/07/2018 06:56:05 PM - ChessAndroid - INFO: Element found - locator (uk.co.aifactory.chessfree:id/StatsButton) + locatorType (id)
01/07/2018 06:56:05 PM - ChessAndroid - INFO: Element present - locator (uk.co.aifactory.chessfree:id/StatsButton) + locatorType (id)
01/07/2018 06:56:05 PM - TestStatus - INFO: ### VERIFICATION SUCCESSFUL -- Statistic button verified
01/07/2018 06:56:05 PM - ChessAndroid - INFO: Element found - locator (uk.co.aifactory.chessfree:id/HelpButton) + locatorType (id)
01/07/2018 06:56:05 PM - ChessAndroid - INFO: Element present - locator (uk.co.aifactory.chessfree:id/HelpButton) + locatorType (id)
01/07/2018 06:56:05 PM - TestStatus - INFO: ### VERIFICATION SUCCESSFUL -- Rules Of Chess button verified
01/07/2018 06:56:05 PM - ChessAndroid - INFO: Element found - locator (uk.co.aifactory.chessfree:id/HardButton) + locatorType (id)
01/07/2018 06:56:05 PM - ChessAndroid - INFO: Element present - locator (uk.co.aifactory.chessfree:id/HardButton) + locatorType (id)
01/07/2018 06:56:05 PM - TestStatus - INFO: ### VERIFICATION SUCCESSFUL -- Hard button verified
01/07/2018 06:56:05 PM - ChessAndroid - INFO: Element found - locator (uk.co.aifactory.chessfree:id/IconSpot2) + locatorType (id)
01/07/2018 06:56:05 PM - ChessAndroid - INFO: Element present - locator (uk.co.aifactory.chessfree:id/IconSpot2) + locatorType (id)
01/07/2018 06:56:05 PM - TestStatus - INFO: ### VERIFICATION SUCCESSFUL -- Spot Icon verified
01/07/2018 06:56:05 PM - ChessAndroid - INFO: Element found - locator (uk.co.aifactory.chessfree:id/ImageView01) + locatorType (id)
01/07/2018 06:56:05 PM - ChessAndroid - INFO: Element present - locator (uk.co.aifactory.chessfree:id/ImageView01) + locatorType (id)
01/07/2018 06:56:05 PM - TestStatus - INFO: ### VERIFICATION SUCCESSFUL -- Top images verified
01/07/2018 06:56:05 PM - TestStatus - INFO: test_1goto_ChessFree was successful ### TEST SUCCESSFUL
