10/07/2018 01:20:46 PM - ChessFree - INFO: Element found - locator (uk.co.aifactory.chessfree:id/YesButton) + locatorType (id)
10/07/2018 01:20:46 PM - ChessFree - INFO: Element present - locator (uk.co.aifactory.chessfree:id/YesButton) + locatorType (id)
10/07/2018 01:20:46 PM - ChessFree - INFO: Element found - locator (uk.co.aifactory.chessfree:id/YesButton) + locatorType (id)
10/07/2018 01:20:49 PM - ChessFree - INFO: Clicked on element - locator (uk.co.aifactory.chessfree:id/YesButton) + locatorType (id)
10/07/2018 01:20:49 PM - ChessFree - INFO: Element found - locator (uk.co.aifactory.chessfree:id/ButtonPlay) + locatorType (id)
10/07/2018 01:20:49 PM - ChessFree - INFO: Element present - locator (uk.co.aifactory.chessfree:id/ButtonPlay) + locatorType (id)
10/07/2018 01:20:49 PM - ChessFree - INFO: Element found - locator (uk.co.aifactory.chessfree:id/ButtonPlay) + locatorType (id)
10/07/2018 01:20:50 PM - ChessFree - INFO: Clicked on element - locator (uk.co.aifactory.chessfree:id/ButtonPlay) + locatorType (id)
10/07/2018 01:20:50 PM - ChessFree - INFO: Element not found - locator (uk.co.aifactory.chessfree:id/CrossProm_ExitButton) + locatorType (id)
10/07/2018 01:20:50 PM - ChessFree - INFO: Element not present - locator (uk.co.aifactory.chessfree:id/CrossProm_ExitButton) + locatorType (id)
10/07/2018 01:20:50 PM - ChessFreeTests - INFO: test_1goto_ChessFree started
10/07/2018 01:20:59 PM - ChessFree - INFO: Element found - locator (uk.co.aifactory.chessfree:id/YesButton) + locatorType (id)
10/07/2018 01:20:59 PM - ChessFree - INFO: Element present - locator (uk.co.aifactory.chessfree:id/YesButton) + locatorType (id)
10/07/2018 01:20:59 PM - ChessFree - INFO: Element found - locator (uk.co.aifactory.chessfree:id/YesButton) + locatorType (id)
10/07/2018 01:21:02 PM - ChessFree - INFO: Clicked on element - locator (uk.co.aifactory.chessfree:id/YesButton) + locatorType (id)
10/07/2018 01:21:03 PM - ChessFree - INFO: Element found - locator (uk.co.aifactory.chessfree:id/ButtonPlay) + locatorType (id)
10/07/2018 01:21:03 PM - ChessFree - INFO: Element present - locator (uk.co.aifactory.chessfree:id/ButtonPlay) + locatorType (id)
10/07/2018 01:21:03 PM - ChessFree - INFO: Element found - locator (uk.co.aifactory.chessfree:id/ButtonPlay) + locatorType (id)
10/07/2018 01:21:03 PM - ChessFree - INFO: Clicked on element - locator (uk.co.aifactory.chessfree:id/ButtonPlay) + locatorType (id)
10/07/2018 01:21:03 PM - ChessFree - INFO: Element not found - locator (uk.co.aifactory.chessfree:id/CrossProm_ExitButton) + locatorType (id)
10/07/2018 01:21:03 PM - ChessFree - INFO: Element not present - locator (uk.co.aifactory.chessfree:id/CrossProm_ExitButton) + locatorType (id)
10/07/2018 01:21:03 PM - ChessFreeTests - INFO: test_2goto_ChessFree started
